23:04:55.370 [Worker-44] INFO  o.a.AndroidAnnotationProcessor:84 - Initialize AndroidAnnotations 3.2 with options {androidManifestFile=/home/limazix/workspace/PocketMotrix/AndroidManifest.xml, phase=BUILD}
23:04:55.371 [Worker-44] INFO  o.a.AndroidAnnotationProcessor:108 - Start processing for 4 annotations on 4 elements
23:04:55.382 [Worker-44] DEBUG o.a.h.AndroidManifestFinder:98 - AndroidManifest.xml file found with specified path: /home/limazix/workspace/PocketMotrix/AndroidManifest.xml
23:04:55.383 [Worker-44] INFO  o.a.AndroidAnnotationProcessor:171 - AndroidManifest.xml found: AndroidManifest [applicationPackage=br.ufrj.pee.pocketmotrix, componentQualifiedNames=[br.ufrj.pee.pocketmotrix.PocketMotrixActivity_], permissionQualifiedNames=[android.permission.WRITE_EXTERNAL_STORAGE, android.permission.RECORD_AUDIO], applicationClassName=null, libraryProject=false, debugabble=false, minSdkVersion=8, maxSdkVersion=-1, targetSdkVersion=21]
23:04:55.383 [Worker-44] INFO  o.a.r.ProjectRClassFinder:50 - Found project R class: br.ufrj.pee.pocketmotrix.R
23:04:55.387 [Worker-44] INFO  o.a.r.AndroidRClassFinder:44 - Found Android class: android.R
23:04:55.389 [Worker-44] INFO  o.a.p.ModelValidator:42 - Validating elements
23:04:55.390 [Worker-44] DEBUG o.a.p.ModelValidator:62 - Validating with EActivityHandler: [br.ufrj.pee.pocketmotrix.PocketMotrixActivity]
23:04:55.390 [Worker-44] DEBUG o.a.p.ModelValidator:62 - Validating with ViewByIdHandler: [resultText, captionText]
23:04:55.390 [Worker-44] DEBUG o.a.p.ModelValidator:62 - Validating with OptionsMenuHandler: [br.ufrj.pee.pocketmotrix.PocketMotrixActivity]
23:04:55.391 [Worker-44] DEBUG o.a.p.ModelValidator:62 - Validating with AfterViewsHandler: [public void afterViews() ]
23:04:55.391 [Worker-44] INFO  o.a.p.ModelProcessor:69 - Processing root elements
23:04:55.391 [Worker-44] DEBUG o.a.p.ModelProcessor:160 - Processing root elements EActivityHandler: [br.ufrj.pee.pocketmotrix.PocketMotrixActivity]
23:04:55.393 [Worker-44] INFO  o.a.p.ModelProcessor:77 - Processing enclosed elements
23:04:55.393 [Worker-44] INFO  o.a.AndroidAnnotationProcessor:250 - Number of files generated by AndroidAnnotations: 1
23:04:55.394 [Worker-44] INFO  o.a.g.ApiCodeGenerator:52 - Writting following API classes in project: []
23:04:55.394 [Worker-44] DEBUG o.a.g.SourceCodewriter:55 - Generating class: br.ufrj.pee.pocketmotrix.PocketMotrixActivity_
23:04:55.415 [Worker-44] INFO  o.a.p.TimeStats:81 - Time measurements: [Whole Processing = 44 ms], [Generate Sources = 22 ms], [Extract Annotations = 11 ms], [Find R Classes = 6 ms], [Validate Annotations = 2 ms], [Process Annotations = 2 ms], [Extract Manifest = 1 ms], 
23:04:55.415 [Worker-44] INFO  o.a.AndroidAnnotationProcessor:122 - Finish processing
23:04:56.727 [Worker-42] INFO  o.a.AndroidAnnotationProcessor:84 - Initialize AndroidAnnotations 3.2 with options {androidManifestFile=/home/limazix/workspace/PocketMotrix/AndroidManifest.xml, phase=BUILD}
